  main.cpp
F:\Unreal Projects\Platformer\Platformer\include\types.h(691,33): warning C4244: 'argument': conversion from 'int' to 'float', possible loss of data
F:\Unreal Projects\Platformer\Platformer\include\types.h(711,35): warning C4244: 'argument': conversion from 'int' to 'float', possible loss of data
F:\Unreal Projects\Platformer\Platformer\include\types.h(759,14): warning C4244: '=': conversion from 'int' to 'float', possible loss of data
F:\Unreal Projects\Platformer\Platformer\src\main.cpp(295,26): warning C4244: '=': conversion from 'unsigned __int64' to 'unsigned int', possible loss of data
F:\Unreal Projects\Platformer\Platformer\include\types.h(978,23): warning C4244: 'initializing': conversion from 'float' to 'unsigned int', possible loss of data
F:\Unreal Projects\Platformer\Platformer\include\types.h(973,4): message : while compiling class template member function 'T Animation<T>::GetFrame(void)'
          with
          [
              T=glm::vec4
          ]
F:\Unreal Projects\Platformer\Platformer\include\types.h(940,4): message : see the first reference to 'Animation<glm::vec4>::GetFrame' in 'Animation<glm::vec4>::Update'
F:\Unreal Projects\Platformer\Platformer\src\main.cpp(81,28): message : see the first reference to 'Animation<glm::vec4>::Update' in 'SDL_main'
F:\Unreal Projects\Platformer\Platformer\src\main.cpp(79,17): message : see reference to class template instantiation 'Animation<glm::vec4>' being compiled
box2d.lib(geometry.obj) : warning LNK4099: PDB '' was not found with 'box2d.lib(geometry.obj)' or at ''; linking object as if no debug info
box2d.lib(types.obj) : warning LNK4099: PDB '' was not found with 'box2d.lib(types.obj)' or at ''; linking object as if no debug info
box2d.lib(world.obj) : warning LNK4099: PDB '' was not found with 'box2d.lib(world.obj)' or at ''; linking object as if no debug info
box2d.lib(body.obj) : warning LNK4099: PDB '' was not found with 'box2d.lib(body.obj)' or at ''; linking object as if no debug info
box2d.lib(shape.obj) : warning LNK4099: PDB '' was not found with 'box2d.lib(shape.obj)' or at ''; linking object as if no debug info
box2d.lib(math_functions.obj) : warning LNK4099: PDB '' was not found with 'box2d.lib(math_functions.obj)' or at ''; linking object as if no debug info
box2d.lib(hull.obj) : warning LNK4099: PDB '' was not found with 'box2d.lib(hull.obj)' or at ''; linking object as if no debug info
box2d.lib(distance.obj) : warning LNK4099: PDB '' was not found with 'box2d.lib(distance.obj)' or at ''; linking object as if no debug info
box2d.lib(core.obj) : warning LNK4099: PDB '' was not found with 'box2d.lib(core.obj)' or at ''; linking object as if no debug info
box2d.lib(allocate.obj) : warning LNK4099: PDB '' was not found with 'box2d.lib(allocate.obj)' or at ''; linking object as if no debug info
box2d.lib(timer.obj) : warning LNK4099: PDB '' was not found with 'box2d.lib(timer.obj)' or at ''; linking object as if no debug info
box2d.lib(bitset.obj) : warning LNK4099: PDB '' was not found with 'box2d.lib(bitset.obj)' or at ''; linking object as if no debug info
box2d.lib(array.obj) : warning LNK4099: PDB '' was not found with 'box2d.lib(array.obj)' or at ''; linking object as if no debug info
box2d.lib(table.obj) : warning LNK4099: PDB '' was not found with 'box2d.lib(table.obj)' or at ''; linking object as if no debug info
box2d.lib(aabb.obj) : warning LNK4099: PDB '' was not found with 'box2d.lib(aabb.obj)' or at ''; linking object as if no debug info
box2d.lib(dynamic_tree.obj) : warning LNK4099: PDB '' was not found with 'box2d.lib(dynamic_tree.obj)' or at ''; linking object as if no debug info
box2d.lib(broad_phase.obj) : warning LNK4099: PDB '' was not found with 'box2d.lib(broad_phase.obj)' or at ''; linking object as if no debug info
box2d.lib(block_array.obj) : warning LNK4099: PDB '' was not found with 'box2d.lib(block_array.obj)' or at ''; linking object as if no debug info
box2d.lib(constraint_graph.obj) : warning LNK4099: PDB '' was not found with 'box2d.lib(constraint_graph.obj)' or at ''; linking object as if no debug info
box2d.lib(id_pool.obj) : warning LNK4099: PDB '' was not found with 'box2d.lib(id_pool.obj)' or at ''; linking object as if no debug info
box2d.lib(island.obj) : warning LNK4099: PDB '' was not found with 'box2d.lib(island.obj)' or at ''; linking object as if no debug info
box2d.lib(stack_allocator.obj) : warning LNK4099: PDB '' was not found with 'box2d.lib(stack_allocator.obj)' or at ''; linking object as if no debug info
box2d.lib(contact.obj) : warning LNK4099: PDB '' was not found with 'box2d.lib(contact.obj)' or at ''; linking object as if no debug info
box2d.lib(solver.obj) : warning LNK4099: PDB '' was not found with 'box2d.lib(solver.obj)' or at ''; linking object as if no debug info
box2d.lib(joint.obj) : warning LNK4099: PDB '' was not found with 'box2d.lib(joint.obj)' or at ''; linking object as if no debug info
box2d.lib(solver_set.obj) : warning LNK4099: PDB '' was not found with 'box2d.lib(solver_set.obj)' or at ''; linking object as if no debug info
box2d.lib(manifold.obj) : warning LNK4099: PDB '' was not found with 'box2d.lib(manifold.obj)' or at ''; linking object as if no debug info
box2d.lib(contact_solver.obj) : warning LNK4099: PDB '' was not found with 'box2d.lib(contact_solver.obj)' or at ''; linking object as if no debug info
box2d.lib(distance_joint.obj) : warning LNK4099: PDB '' was not found with 'box2d.lib(distance_joint.obj)' or at ''; linking object as if no debug info
box2d.lib(motor_joint.obj) : warning LNK4099: PDB '' was not found with 'box2d.lib(motor_joint.obj)' or at ''; linking object as if no debug info
box2d.lib(mouse_joint.obj) : warning LNK4099: PDB '' was not found with 'box2d.lib(mouse_joint.obj)' or at ''; linking object as if no debug info
box2d.lib(prismatic_joint.obj) : warning LNK4099: PDB '' was not found with 'box2d.lib(prismatic_joint.obj)' or at ''; linking object as if no debug info
box2d.lib(revolute_joint.obj) : warning LNK4099: PDB '' was not found with 'box2d.lib(revolute_joint.obj)' or at ''; linking object as if no debug info
box2d.lib(weld_joint.obj) : warning LNK4099: PDB '' was not found with 'box2d.lib(weld_joint.obj)' or at ''; linking object as if no debug info
box2d.lib(wheel_joint.obj) : warning LNK4099: PDB '' was not found with 'box2d.lib(wheel_joint.obj)' or at ''; linking object as if no debug info
  Platformer.vcxproj -> F:\Unreal Projects\Platformer\Platformer\build\x64\Debug\Platformer.exe
  Copy DLLs and Assets
  0 File(s) copied
  0 File(s) copied
